ARM GAS  /tmp/ccCcunn6.s 			page 1


   1              		.cpu cortex-m4
   2              		.eabi_attribute 27, 1
   3              		.eabi_attribute 28, 1
   4              		.eabi_attribute 20, 1
   5              		.eabi_attribute 21, 1
   6              		.eabi_attribute 23, 3
   7              		.eabi_attribute 24, 1
   8              		.eabi_attribute 25, 1
   9              		.eabi_attribute 26, 1
  10              		.eabi_attribute 30, 1
  11              		.eabi_attribute 34, 1
  12              		.eabi_attribute 18, 4
  13              		.file	"gpio.c"
  14              		.text
  15              	.Ltext0:
  16              		.cfi_sections	.debug_frame
  17              		.section	.text.MX_GPIO_Init,"ax",%progbits
  18              		.align	1
  19              		.global	MX_GPIO_Init
  20              		.arch armv7e-m
  21              		.syntax unified
  22              		.thumb
  23              		.thumb_func
  24              		.fpu fpv4-sp-d16
  26              	MX_GPIO_Init:
  27              	.LFB130:
  28              		.file 1 "Src/gpio.c"
   1:Src/gpio.c    **** /**
   2:Src/gpio.c    ****   ******************************************************************************
   3:Src/gpio.c    ****   * File Name          : gpio.c
   4:Src/gpio.c    ****   * Description        : This file provides code for the configuration
   5:Src/gpio.c    ****   *                      of all used GPIO pins.
   6:Src/gpio.c    ****   ******************************************************************************
   7:Src/gpio.c    ****   * @attention
   8:Src/gpio.c    ****   *
   9:Src/gpio.c    ****   * <h2><center>&copy; Copyright (c) 2019 STMicroelectronics.
  10:Src/gpio.c    ****   * All rights reserved.</center></h2>
  11:Src/gpio.c    ****   *
  12:Src/gpio.c    ****   * This software component is licensed by ST under BSD 3-Clause license,
  13:Src/gpio.c    ****   * the "License"; You may not use this file except in compliance with the
  14:Src/gpio.c    ****   * License. You may obtain a copy of the License at:
  15:Src/gpio.c    ****   *                        opensource.org/licenses/BSD-3-Clause
  16:Src/gpio.c    ****   *
  17:Src/gpio.c    ****   ******************************************************************************
  18:Src/gpio.c    ****   */
  19:Src/gpio.c    **** 
  20:Src/gpio.c    **** /* Includes ------------------------------------------------------------------*/
  21:Src/gpio.c    **** #include "gpio.h"
  22:Src/gpio.c    **** /* USER CODE BEGIN 0 */
  23:Src/gpio.c    **** 
  24:Src/gpio.c    **** /* USER CODE END 0 */
  25:Src/gpio.c    **** 
  26:Src/gpio.c    **** /*----------------------------------------------------------------------------*/
  27:Src/gpio.c    **** /* Configure GPIO                                                             */
  28:Src/gpio.c    **** /*----------------------------------------------------------------------------*/
  29:Src/gpio.c    **** /* USER CODE BEGIN 1 */
  30:Src/gpio.c    **** 
ARM GAS  /tmp/ccCcunn6.s 			page 2


  31:Src/gpio.c    **** /* USER CODE END 1 */
  32:Src/gpio.c    **** 
  33:Src/gpio.c    **** /** Configure pins as 
  34:Src/gpio.c    ****         * Analog 
  35:Src/gpio.c    ****         * Input 
  36:Src/gpio.c    ****         * Output
  37:Src/gpio.c    ****         * EVENT_OUT
  38:Src/gpio.c    ****         * EXTI
  39:Src/gpio.c    **** */
  40:Src/gpio.c    **** void MX_GPIO_Init(void)
  41:Src/gpio.c    **** {
  29              		.loc 1 41 1 view -0
  30              		.cfi_startproc
  31              		@ args = 0, pretend = 0, frame = 40
  32              		@ frame_needed = 0, uses_anonymous_args = 0
  33 0000 10B5     		push	{r4, lr}
  34              	.LCFI0:
  35              		.cfi_def_cfa_offset 8
  36              		.cfi_offset 4, -8
  37              		.cfi_offset 14, -4
  38 0002 8AB0     		sub	sp, sp, #40
  39              	.LCFI1:
  40              		.cfi_def_cfa_offset 48
  42:Src/gpio.c    **** 
  43:Src/gpio.c    ****   GPIO_InitTypeDef GPIO_InitStruct = {0};
  41              		.loc 1 43 3 view .LVU1
  42              		.loc 1 43 20 is_stmt 0 view .LVU2
  43 0004 0024     		movs	r4, #0
  44 0006 0594     		str	r4, [sp, #20]
  45 0008 0694     		str	r4, [sp, #24]
  46 000a 0794     		str	r4, [sp, #28]
  47 000c 0894     		str	r4, [sp, #32]
  48 000e 0994     		str	r4, [sp, #36]
  44:Src/gpio.c    **** 
  45:Src/gpio.c    ****   /* GPIO Ports Clock Enable */
  46:Src/gpio.c    ****   __HAL_RCC_GPIOC_CLK_ENABLE();
  49              		.loc 1 46 3 is_stmt 1 view .LVU3
  50              	.LBB2:
  51              		.loc 1 46 3 view .LVU4
  52              		.loc 1 46 3 view .LVU5
  53 0010 204B     		ldr	r3, .L3
  54 0012 DA6C     		ldr	r2, [r3, #76]
  55 0014 42F00402 		orr	r2, r2, #4
  56 0018 DA64     		str	r2, [r3, #76]
  57              		.loc 1 46 3 view .LVU6
  58 001a DA6C     		ldr	r2, [r3, #76]
  59 001c 02F00402 		and	r2, r2, #4
  60 0020 0192     		str	r2, [sp, #4]
  61              		.loc 1 46 3 view .LVU7
  62 0022 019A     		ldr	r2, [sp, #4]
  63              	.LBE2:
  47:Src/gpio.c    ****   __HAL_RCC_GPIOH_CLK_ENABLE();
  64              		.loc 1 47 3 view .LVU8
  65              	.LBB3:
  66              		.loc 1 47 3 view .LVU9
  67              		.loc 1 47 3 view .LVU10
  68 0024 DA6C     		ldr	r2, [r3, #76]
ARM GAS  /tmp/ccCcunn6.s 			page 3


  69 0026 42F08002 		orr	r2, r2, #128
  70 002a DA64     		str	r2, [r3, #76]
  71              		.loc 1 47 3 view .LVU11
  72 002c DA6C     		ldr	r2, [r3, #76]
  73 002e 02F08002 		and	r2, r2, #128
  74 0032 0292     		str	r2, [sp, #8]
  75              		.loc 1 47 3 view .LVU12
  76 0034 029A     		ldr	r2, [sp, #8]
  77              	.LBE3:
  48:Src/gpio.c    ****   __HAL_RCC_GPIOA_CLK_ENABLE();
  78              		.loc 1 48 3 view .LVU13
  79              	.LBB4:
  80              		.loc 1 48 3 view .LVU14
  81              		.loc 1 48 3 view .LVU15
  82 0036 DA6C     		ldr	r2, [r3, #76]
  83 0038 42F00102 		orr	r2, r2, #1
  84 003c DA64     		str	r2, [r3, #76]
  85              		.loc 1 48 3 view .LVU16
  86 003e DA6C     		ldr	r2, [r3, #76]
  87 0040 02F00102 		and	r2, r2, #1
  88 0044 0392     		str	r2, [sp, #12]
  89              		.loc 1 48 3 view .LVU17
  90 0046 039A     		ldr	r2, [sp, #12]
  91              	.LBE4:
  49:Src/gpio.c    ****   __HAL_RCC_GPIOB_CLK_ENABLE();
  92              		.loc 1 49 3 view .LVU18
  93              	.LBB5:
  94              		.loc 1 49 3 view .LVU19
  95              		.loc 1 49 3 view .LVU20
  96 0048 DA6C     		ldr	r2, [r3, #76]
  97 004a 42F00202 		orr	r2, r2, #2
  98 004e DA64     		str	r2, [r3, #76]
  99              		.loc 1 49 3 view .LVU21
 100 0050 DB6C     		ldr	r3, [r3, #76]
 101 0052 03F00203 		and	r3, r3, #2
 102 0056 0493     		str	r3, [sp, #16]
 103              		.loc 1 49 3 view .LVU22
 104 0058 049B     		ldr	r3, [sp, #16]
 105              	.LBE5:
  50:Src/gpio.c    **** 
  51:Src/gpio.c    ****   /*Configure GPIO pin Output Level */
  52:Src/gpio.c    ****   HAL_GPIO_WritePin(LD2_GPIO_Port, LD2_Pin, GPIO_PIN_RESET);
 106              		.loc 1 52 3 view .LVU23
 107 005a 2246     		mov	r2, r4
 108 005c 2021     		movs	r1, #32
 109 005e 4FF09040 		mov	r0, #1207959552
 110 0062 FFF7FEFF 		bl	HAL_GPIO_WritePin
 111              	.LVL0:
  53:Src/gpio.c    **** 
  54:Src/gpio.c    ****   /*Configure GPIO pin : PtPin */
  55:Src/gpio.c    ****   GPIO_InitStruct.Pin = B1_Pin;
 112              		.loc 1 55 3 view .LVU24
 113              		.loc 1 55 23 is_stmt 0 view .LVU25
 114 0066 4FF40053 		mov	r3, #8192
 115 006a 0593     		str	r3, [sp, #20]
  56:Src/gpio.c    ****   GPIO_InitStruct.Mode = GPIO_MODE_IT_FALLING;
 116              		.loc 1 56 3 is_stmt 1 view .LVU26
ARM GAS  /tmp/ccCcunn6.s 			page 4


 117              		.loc 1 56 24 is_stmt 0 view .LVU27
 118 006c 0A4B     		ldr	r3, .L3+4
 119 006e 0693     		str	r3, [sp, #24]
  57:Src/gpio.c    ****   GPIO_InitStruct.Pull = GPIO_NOPULL;
 120              		.loc 1 57 3 is_stmt 1 view .LVU28
 121              		.loc 1 57 24 is_stmt 0 view .LVU29
 122 0070 0794     		str	r4, [sp, #28]
  58:Src/gpio.c    ****   HAL_GPIO_Init(B1_GPIO_Port, &GPIO_InitStruct);
 123              		.loc 1 58 3 is_stmt 1 view .LVU30
 124 0072 05A9     		add	r1, sp, #20
 125 0074 0948     		ldr	r0, .L3+8
 126 0076 FFF7FEFF 		bl	HAL_GPIO_Init
 127              	.LVL1:
  59:Src/gpio.c    **** 
  60:Src/gpio.c    ****   /*Configure GPIO pin : PtPin */
  61:Src/gpio.c    ****   GPIO_InitStruct.Pin = LD2_Pin;
 128              		.loc 1 61 3 view .LVU31
 129              		.loc 1 61 23 is_stmt 0 view .LVU32
 130 007a 2023     		movs	r3, #32
 131 007c 0593     		str	r3, [sp, #20]
  62:Src/gpio.c    ****   GPIO_InitStruct.Mode = GPIO_MODE_OUTPUT_PP;
 132              		.loc 1 62 3 is_stmt 1 view .LVU33
 133              		.loc 1 62 24 is_stmt 0 view .LVU34
 134 007e 0123     		movs	r3, #1
 135 0080 0693     		str	r3, [sp, #24]
  63:Src/gpio.c    ****   GPIO_InitStruct.Pull = GPIO_NOPULL;
 136              		.loc 1 63 3 is_stmt 1 view .LVU35
 137              		.loc 1 63 24 is_stmt 0 view .LVU36
 138 0082 0794     		str	r4, [sp, #28]
  64:Src/gpio.c    ****   GPIO_InitStruct.Speed = GPIO_SPEED_FREQ_LOW;
 139              		.loc 1 64 3 is_stmt 1 view .LVU37
 140              		.loc 1 64 25 is_stmt 0 view .LVU38
 141 0084 0894     		str	r4, [sp, #32]
  65:Src/gpio.c    ****   HAL_GPIO_Init(LD2_GPIO_Port, &GPIO_InitStruct);
 142              		.loc 1 65 3 is_stmt 1 view .LVU39
 143 0086 05A9     		add	r1, sp, #20
 144 0088 4FF09040 		mov	r0, #1207959552
 145 008c FFF7FEFF 		bl	HAL_GPIO_Init
 146              	.LVL2:
  66:Src/gpio.c    **** 
  67:Src/gpio.c    **** }
 147              		.loc 1 67 1 is_stmt 0 view .LVU40
 148 0090 0AB0     		add	sp, sp, #40
 149              	.LCFI2:
 150              		.cfi_def_cfa_offset 8
 151              		@ sp needed
 152 0092 10BD     		pop	{r4, pc}
 153              	.L4:
 154              		.align	2
 155              	.L3:
 156 0094 00100240 		.word	1073876992
 157 0098 00002110 		.word	270598144
 158 009c 00080048 		.word	1207961600
 159              		.cfi_endproc
 160              	.LFE130:
 162              		.text
 163              	.Letext0:
ARM GAS  /tmp/ccCcunn6.s 			page 5


 164              		.file 2 "/usr/arm-none-eabi/include/machine/_default_types.h"
 165              		.file 3 "/usr/arm-none-eabi/include/sys/_stdint.h"
 166              		.file 4 "Drivers/CMSIS/Include/core_cm4.h"
 167              		.file 5 "Drivers/CMSIS/Device/ST/STM32L4xx/Include/system_stm32l4xx.h"
 168              		.file 6 "Drivers/CMSIS/Device/ST/STM32L4xx/Include/stm32l476xx.h"
 169              		.file 7 "Drivers/STM32L4xx_HAL_Driver/Inc/stm32l4xx_hal_def.h"
 170              		.file 8 "Drivers/STM32L4xx_HAL_Driver/Inc/stm32l4xx_hal_gpio.h"
 171              		.file 9 "Drivers/STM32L4xx_HAL_Driver/Inc/stm32l4xx_hal_flash.h"
 172              		.file 10 "Drivers/STM32L4xx_HAL_Driver/Inc/stm32l4xx_hal.h"
ARM GAS  /tmp/ccCcunn6.s 			page 6


DEFINED SYMBOLS
                            *ABS*:0000000000000000 gpio.c
     /tmp/ccCcunn6.s:18     .text.MX_GPIO_Init:0000000000000000 $t
     /tmp/ccCcunn6.s:26     .text.MX_GPIO_Init:0000000000000000 MX_GPIO_Init
     /tmp/ccCcunn6.s:156    .text.MX_GPIO_Init:0000000000000094 $d

UNDEFINED SYMBOLS
HAL_GPIO_WritePin
HAL_GPIO_Init
